<?xml version="1.0" encoding="UTF-8"?>
<!-- Generated by org.testng.reporters.JUnitReportReporter -->
<testsuite skipped="1" hostname="DESKTOP-JQI81VJ" name="com.careerhack.testrunners.TestRunner" tests="1" failures="0" timestamp="07 Jun 2020 21:12:05 GMT" time="0.000" errors="0">
  <testcase name="feature" time="0.000" classname="com.careerhack.testrunners.TestRunner">
    <skipped/>
  </testcase> <!-- feature -->
</testsuite> <!-- com.careerhack.testrunners.TestRunner -->
